Traceback (most recent call last):
  File "/usr/local/lib/python3.8/dist-packages/jupyter_cache/executors/utils.py", line 51, in single_nb_execution
    executenb(
  File "/usr/local/lib/python3.8/dist-packages/nbclient/client.py", line 1204, in execute
    return NotebookClient(nb=nb, resources=resources, km=km, **kwargs).execute()
  File "/usr/local/lib/python3.8/dist-packages/nbclient/util.py", line 84, in wrapped
    return just_run(coro(*args, **kwargs))
  File "/usr/local/lib/python3.8/dist-packages/nbclient/util.py", line 62, in just_run
    return loop.run_until_complete(coro)
  File "/usr/lib/python3.8/asyncio/base_events.py", line 616, in run_until_complete
    return future.result()
  File "/usr/local/lib/python3.8/dist-packages/nbclient/client.py", line 663, in async_execute
    await self.async_execute_cell(
  File "/usr/local/lib/python3.8/dist-packages/nbclient/client.py", line 965, in async_execute_cell
    await self._check_raise_for_error(cell, cell_index, exec_reply)
  File "/usr/local/lib/python3.8/dist-packages/nbclient/client.py", line 862, in _check_raise_for_error
    raise CellExecutionError.from_cell_and_msg(cell, exec_reply_content)
nbclient.exceptions.CellExecutionError: An error occurred while executing the following cell:
------------------
# our search term, using syntax for Twitter's Advanced Search
search = '"data science"'

# the scraped tweets, this is a generator
scraped_tweets = sntwitter.TwitterSearchScraper(search).get_items()

# slicing the generator to keep only the first 100 tweets
sliced_scraped_tweets = itertools.islice(scraped_tweets, 100)

# convert to a DataFrame and keep only relevant columns
df = pd.DataFrame(sliced_scraped_tweets)[['date', 'content']]
------------------

[0;31m[0m
[0;31mKeyError[0mTraceback (most recent call last)
[0;32m<ipython-input-3-de71a1c51780>[0m in [0;36m<module>[0;34m[0m
[1;32m      9[0m [0;34m[0m[0m
[1;32m     10[0m [0;31m# convert to a DataFrame and keep only relevant columns[0m[0;34m[0m[0;34m[0m[0;34m[0m[0m
[0;32m---> 11[0;31m [0mdf[0m [0;34m=[0m [0mpd[0m[0;34m.[0m[0mDataFrame[0m[0;34m([0m[0msliced_scraped_tweets[0m[0;34m)[0m[0;34m[[0m[0;34m[[0m[0;34m'date'[0m[0;34m,[0m [0;34m'content'[0m[0;34m][0m[0;34m][0m[0;34m[0m[0;34m[0m[0m
[0m
[0;32m/usr/local/lib/python3.8/dist-packages/pandas/core/frame.py[0m in [0;36m__getitem__[0;34m(self, key)[0m
[1;32m   3462[0m             [0;32mif[0m [0mis_iterator[0m[0;34m([0m[0mkey[0m[0;34m)[0m[0;34m:[0m[0;34m[0m[0;34m[0m[0m
[1;32m   3463[0m                 [0mkey[0m [0;34m=[0m [0mlist[0m[0;34m([0m[0mkey[0m[0;34m)[0m[0;34m[0m[0;34m[0m[0m
[0;32m-> 3464[0;31m             [0mindexer[0m [0;34m=[0m [0mself[0m[0;34m.[0m[0mloc[0m[0;34m.[0m[0m_get_listlike_indexer[0m[0;34m([0m[0mkey[0m[0;34m,[0m [0maxis[0m[0;34m=[0m[0;36m1[0m[0;34m)[0m[0;34m[[0m[0;36m1[0m[0;34m][0m[0;34m[0m[0;34m[0m[0m
[0m[1;32m   3465[0m [0;34m[0m[0m
[1;32m   3466[0m         [0;31m# take() does not accept boolean indexers[0m[0;34m[0m[0;34m[0m[0;34m[0m[0m

[0;32m/usr/local/lib/python3.8/dist-packages/pandas/core/indexing.py[0m in [0;36m_get_listlike_indexer[0;34m(self, key, axis)[0m
[1;32m   1312[0m             [0mkeyarr[0m[0;34m,[0m [0mindexer[0m[0;34m,[0m [0mnew_indexer[0m [0;34m=[0m [0max[0m[0;34m.[0m[0m_reindex_non_unique[0m[0;34m([0m[0mkeyarr[0m[0;34m)[0m[0;34m[0m[0;34m[0m[0m
[1;32m   1313[0m [0;34m[0m[0m
[0;32m-> 1314[0;31m         [0mself[0m[0;34m.[0m[0m_validate_read_indexer[0m[0;34m([0m[0mkeyarr[0m[0;34m,[0m [0mindexer[0m[0;34m,[0m [0maxis[0m[0;34m)[0m[0;34m[0m[0;34m[0m[0m
[0m[1;32m   1315[0m [0;34m[0m[0m
[1;32m   1316[0m         if needs_i8_conversion(ax.dtype) or isinstance(

[0;32m/usr/local/lib/python3.8/dist-packages/pandas/core/indexing.py[0m in [0;36m_validate_read_indexer[0;34m(self, key, indexer, axis)[0m
[1;32m   1375[0m [0;34m[0m[0m
[1;32m   1376[0m             [0mnot_found[0m [0;34m=[0m [0mlist[0m[0;34m([0m[0mensure_index[0m[0;34m([0m[0mkey[0m[0;34m)[0m[0;34m[[0m[0mmissing_mask[0m[0;34m.[0m[0mnonzero[0m[0;34m([0m[0;34m)[0m[0;34m[[0m[0;36m0[0m[0;34m][0m[0;34m][0m[0;34m.[0m[0munique[0m[0;34m([0m[0;34m)[0m[0;34m)[0m[0;34m[0m[0;34m[0m[0m
[0;32m-> 1377[0;31m             [0;32mraise[0m [0mKeyError[0m[0;34m([0m[0;34mf"{not_found} not in index"[0m[0;34m)[0m[0;34m[0m[0;34m[0m[0m
[0m[1;32m   1378[0m [0;34m[0m[0m
[1;32m   1379[0m [0;34m[0m[0m

[0;31mKeyError[0m: "['content'] not in index"
KeyError: "['content'] not in index"

