Traceback (most recent call last):
  File "/usr/local/lib/python3.10/dist-packages/jupyter_cache/executors/utils.py", line 58, in single_nb_execution
    executenb(
  File "/usr/local/lib/python3.10/dist-packages/nbclient/client.py", line 1305, in execute
    return NotebookClient(nb=nb, resources=resources, km=km, **kwargs).execute()
  File "/usr/local/lib/python3.10/dist-packages/jupyter_core/utils/__init__.py", line 166, in wrapped
    return loop.run_until_complete(inner)
  File "/usr/lib/python3.10/asyncio/base_events.py", line 649, in run_until_complete
    return future.result()
  File "/usr/local/lib/python3.10/dist-packages/nbclient/client.py", line 705, in async_execute
    await self.async_execute_cell(
  File "/usr/local/lib/python3.10/dist-packages/nbclient/client.py", line 1058, in async_execute_cell
    await self._check_raise_for_error(cell, cell_index, exec_reply)
  File "/usr/local/lib/python3.10/dist-packages/nbclient/client.py", line 914, in _check_raise_for_error
    raise CellExecutionError.from_cell_and_msg(cell, exec_reply_content)
nbclient.exceptions.CellExecutionError: An error occurred while executing the following cell:
------------------
cnxn_str = ("Driver={ODBC Driver 17 for SQL Server};"
            "Server=LAPTOP-SOC00JA3\SQLEXPRESS;" 
            "Database=prosain{210411100112};Trusted_Connection=yes")

cnxn = pyodbc.connect(cnxn_str)
cursor = cnxn.cursor()	
cursor.execute("Select petallength, class From iris")
row = cursor.fetchall() 
cursor.close()

data=[]
for i in row:
    data.append([i[0], i[1].strip('"')])

# Membuat DataFrame dari hasil query
df_sqlServer = pd.DataFrame(data, columns=['petallength', 'class'])

# Menyalin DataFrame ke variabel baru
df3 = df_sqlServer

# Menampilkan data
print(df3)

------------------


[0;31m[0m
[0;31mError[0mTraceback (most recent call last)
[0;32m<ipython-input-3-3ebc1bee1aef>[0m in [0;36m<cell line: 5>[0;34m()[0m
[1;32m      3[0m             "Database=prosain{210411100112};Trusted_Connection=yes")
[1;32m      4[0m [0;34m[0m[0m
[0;32m----> 5[0;31m [0mcnxn[0m [0;34m=[0m [0mpyodbc[0m[0;34m.[0m[0mconnect[0m[0;34m([0m[0mcnxn_str[0m[0;34m)[0m[0;34m[0m[0;34m[0m[0m
[0m[1;32m      6[0m [0mcursor[0m [0;34m=[0m [0mcnxn[0m[0;34m.[0m[0mcursor[0m[0;34m([0m[0;34m)[0m[0;34m[0m[0;34m[0m[0m
[1;32m      7[0m [0mcursor[0m[0;34m.[0m[0mexecute[0m[0;34m([0m[0;34m"Select petallength, class From iris"[0m[0;34m)[0m[0;34m[0m[0;34m[0m[0m

[0;31mError[0m: ('01000', "[01000] [unixODBC][Driver Manager]Can't open lib 'ODBC Driver 17 for SQL Server' : file not found (0) (SQLDriverConnect)")

